<?xml version="1.0" encoding="UTF-8"?>
<!-- Generated by org.testng.reporters.JUnitXMLReporter -->
<testsuite hostname="RhlSin-PC" ignored="0" name="Smoke Testcases" tests="8" failures="0" timestamp="20 Oct 2018 14:11:17 GMT" time="0.286" errors="0">
  <testcase name="FlightBooking" time="0.035" classname="testngFiles.Annotations"/>
  <testcase name="FlightCancel" time="0.005" classname="testngFiles.Annotations"/>
  <testcase name="OpeningBrowser" time="0.005" classname="testngFiles.Annotations"/>
  <testcase name="TrainBooking" time="0.004" classname="testngFiles.Annotations"/>
  <testcase name="TrainCancel" time="0.004" classname="testngFiles.Annotations"/>
  <testcase name="Userid" time="0.007" classname="testngFiles.Annotations"/>
  <testcase name="Userid" time="0.007" classname="testngFiles.Annotations"/>
  <testcase name="Userid" time="0.005" classname="testngFiles.Annotations"/>
</testsuite> <!-- Smoke Testcases -->
