<?xml version="1.0" encoding="UTF-8"?>
<!-- Generated by org.testng.reporters.JUnitXMLReporter -->
<testsuite hostname="RhlSin-PC" name="Surefire test" tests="3" failures="0" timestamp="23 Oct 2018 18:20:11 GMT" time="12.825" errors="0">
  <testcase name="OpeningBrowser" time="0.057" classname="DataDriven_Maven.AppTest"/>
  <testcase name="FlightBooking" time="0.001" classname="DataDriven_Maven.AppTest"/>
  <testcase name="Login1" time="12.642" classname="Global.TestBase"/>
</testsuite> <!-- Surefire test -->
