<?xml version="1.0" encoding="UTF-8"?>
<testsuite xmlns:xsi="http://www.w3.org/2001/XMLSchema-instance" xsi:noNamespaceSchemaLocation="https://maven.apache.org/surefire/maven-surefire-plugin/xsd/surefire-test-report.xsd" name="TestSuite" time="14.842" tests="3" errors="0" skipped="0" failures="0">
  <properties>
[...]
</properties>
  <testcase name="OpeningBrowser" classname="DataDriven_Maven.AppTest" time="0.062"/>
  <testcase name="FlightBooking" classname="DataDriven_Maven.AppTest" time="0.002"/>
  <testcase name="Login1" classname="Global.TestBase" time="12.648"/>
</testsuite>