<?xml version="1.0" encoding="UTF-8"?>
<testng-results skipped="0" failed="0" total="3" passed="3">
  <reporter-output>
  </reporter-output>
  <suite name="Surefire suite" duration-ms="12825" started-at="2018-10-23T18:19:58Z" finished-at="2018-10-23T18:20:11Z">
    <groups>
    </groups>
    <test name="Surefire test" duration-ms="12825" started-at="2018-10-23T18:19:58Z" finished-at="2018-10-23T18:20:11Z">
      <class name="DataDriven_Maven.AppTest">
        <test-method status="PASS" signature="OpeningBrowser()[pri:0, instance:DataDriven_Maven.AppTest@1969fbe]" name="OpeningBrowser" duration-ms="57" started-at="2018-10-23T23:49:58Z" finished-at="2018-10-23T23:49:58Z">
          <reporter-output>
          </reporter-output>
        </test-method> <!-- OpeningBrowser -->
        <test-method status="PASS" signature="FlightBooking()[pri:0, instance:DataDriven_Maven.AppTest@1969fbe]" name="FlightBooking" duration-ms="1" started-at="2018-10-23T23:49:58Z" depends-on-methods="DataDriven_Maven.AppTest.OpeningBrowser" finished-at="2018-10-23T23:49:58Z">
          <reporter-output>
          </reporter-output>
        </test-method> <!-- FlightBooking -->
      </class> <!-- DataDriven_Maven.AppTest -->
      <class name="Global.TestBase">
        <test-method status="PASS" signature="Login1()[pri:0, instance:Global.TestBase@82d64]" name="Login1" duration-ms="12642" started-at="2018-10-23T23:49:58Z" finished-at="2018-10-23T23:50:11Z">
          <reporter-output>
          </reporter-output>
        </test-method> <!-- Login1 -->
      </class> <!-- Global.TestBase -->
    </test> <!-- Surefire test -->
  </suite> <!-- Surefire suite -->
</testng-results>
